<?xml version='1.0'?>
<ns2:test-suite xmlns:ns2='urn:model.allure.qatools.yandex.ru' start='1632820645891' stop='1632820645897'>
    <name>The Internet website homepage: As a user, I can open internet website</name>
    <title>The Internet website homepage: As a user, I can open internet website</title>
    <test-cases>
        <test-case start='1632820645892' status='passed' stop='1632820645894'>
            <name></name>
            <title></title>
            <labels>
                <label name='language' value='javascript'/>
                <label name='framework' value='wdio'/>
                <label name='thread' value='0-0'/>
            </labels>
            <parameters>
                <parameter kind='argument' name='browser' value='chrome-94.0.4606.61'/>
            </parameters>
            <steps/>
            <attachments/>
        </test-case>
        <test-case start='1632820645894' status='broken' stop='1632820645895'>
            <name>Given I open the browser and loade the url &lt; homepageurl ></name>
            <title>Given I open the browser and loade the url &lt; homepageurl ></title>
            <labels>
                <label name='language' value='javascript'/>
                <label name='framework' value='wdio'/>
                <label name='thread' value='0-0'/>
            </labels>
            <parameters>
                <parameter kind='argument' name='browser' value='chrome-94.0.4606.61'/>
            </parameters>
            <steps/>
            <attachments/>
            <failure>
                <message>Step "I open the browser and loade the url &lt; homepageurl >" is not defined. You can ignore this error by setting cucumberOpts.ignoreUndefinedDefinitions as true.</message>
                <stack-trace>Step "I open the browser and loade the url &lt; homepageurl >" is not defined. You can ignore this error by setting cucumberOpts.ignoreUndefinedDefinitions as true.
                	at Feature(C:\Users\Artur.Parada\Desktop\webdriver.io\firstTest\features\home.feature):1:1
                	at Scenario(As a user, I can open internet website):3:5
                	at Step(I open the browser and loade the url &lt; homepageurl >):5:9
                </stack-trace>
            </failure>
        </test-case>
        <test-case start='1632820645895' status='broken' stop='1632820645895'>
            <name>Then I should see a header with text &lt;</name>
            <title>Then I should see a header with text &lt;</title>
            <labels>
                <label name='language' value='javascript'/>
                <label name='framework' value='wdio'/>
                <label name='thread' value='0-0'/>
            </labels>
            <parameters>
                <parameter kind='argument' name='browser' value='chrome-94.0.4606.61'/>
            </parameters>
            <steps/>
            <attachments/>
            <failure>
                <message>Step "I should see a header with text &lt;" is not defined. You can ignore this error by setting cucumberOpts.ignoreUndefinedDefinitions as true.</message>
                <stack-trace>Step "I should see a header with text &lt;" is not defined. You can ignore this error by setting cucumberOpts.ignoreUndefinedDefinitions as true.
                	at Feature(C:\Users\Artur.Parada\Desktop\webdriver.io\firstTest\features\home.feature):1:1
                	at Scenario(As a user, I can open internet website):3:5
                	at Step(I should see a header with text &lt;):6:9
                </stack-trace>
            </failure>
        </test-case>
        <test-case start='1632820645895' status='passed' stop='1632820645896'>
            <name></name>
            <title></title>
            <labels>
                <label name='language' value='javascript'/>
                <label name='framework' value='wdio'/>
                <label name='thread' value='0-0'/>
            </labels>
            <parameters>
                <parameter kind='argument' name='browser' value='chrome-94.0.4606.61'/>
            </parameters>
            <steps/>
            <attachments/>
        </test-case>
    </test-cases>
</ns2:test-suite>